Using pre-set license
Built from '2020.3/staging' branch; Version is '2020.3.11f1 (99c7afb366b3) revision 10078127'; Using compiler version '192528614'; Build Type 'Release'
OS: 'Windows 10 Home Single Language; OS build 19044.1706; Version 2009; 64bit' Language: 'ru' Physical Memory: 6027 MB
BatchMode: 1, IsHumanControllingUs: 0, StartBugReporterOnCrash: 0, Is64bit: 1, IsPro: 0

 COMMAND LINE ARGUMENTS:
D:\Unity\Editor\Unity.exe
-adb2
-batchMode
-noUpm
-name
AssetImportWorker9
-projectPath
D:/Unity/Test task/Click Game
-logFile
Logs/AssetImportWorker9.log
-srvPort
64843
Successfully changed project path to: D:/Unity/Test task/Click Game
D:/Unity/Test task/Click Game
Using Asset Import Pipeline V2.
Refreshing native plugins compatible for Editor in 56.62 ms, found 2 plugins.
Preloading 0 native plugins for Editor in 0.00 ms.
Initialize engine version: 2020.3.11f1 (99c7afb366b3)
[Subsystems] Discovering subsystems at path D:/Unity/Editor/Data/Resources/UnitySubsystems
[Subsystems] Discovering subsystems at path D:/Unity/Test task/Click Game/Assets
GfxDevice: creating device client; threaded=0
Direct3D:
    Version:  Direct3D 11.0 [level 11.1]
    Renderer: NVIDIA GeForce GTX 1050 (ID=0x1c8d)
    Vendor:   
    VRAM:     1977 MB
    Driver:   27.21.14.5671
Initialize mono
Mono path[0] = 'D:/Unity/Editor/Data/Managed'
Mono path[1] = 'D:/Unity/Editor/Data/MonoBleedingEdge/lib/mono/unityjit'
Mono config path = 'D:/Unity/Editor/Data/MonoBleedingEdge/etc'
Using monoOptions --debugger-agent=transport=dt_socket,embedding=1,server=y,suspend=n,address=127.0.0.1:56168
Begin MonoManager ReloadAssembly
Registering precompiled unity dll's ...
Register platform support module: D:/Unity/Editor/Data/PlaybackEngines/WebGLSupport/UnityEditor.WebGL.Extensions.dll
Register platform support module: D:/Unity/Editor/Data/PlaybackEngines/MacStandaloneSupport/UnityEditor.OSXStandalone.Extensions.dll
Register platform support module: D:/Unity/Editor/Data/PlaybackEngines/WindowsStandaloneSupport/UnityEditor.WindowsStandalone.Extensions.dll
Registered in 0.001904 seconds.
Native extension for WindowsStandalone target not found
Native extension for OSXStandalone target not found
Native extension for WebGL target not found
Refreshing native plugins compatible for Editor in 62.95 ms, found 2 plugins.
Preloading 0 native plugins for Editor in 0.00 ms.
Mono: successfully reloaded assembly
- Completed reload, in  3.210 seconds
Platform modules already initialized, skipping
Registering precompiled user dll's ...
Registered in 0.003794 seconds.
Begin MonoManager ReloadAssembly
Native extension for WindowsStandalone target not found
Native extension for OSXStandalone target not found
Native extension for WebGL target not found
Refreshing native plugins compatible for Editor in 0.45 ms, found 2 plugins.
Preloading 0 native plugins for Editor in 0.00 ms.
Mono: successfully reloaded assembly
- Completed reload, in  2.918 seconds
Platform modules already initialized, skipping
========================================================================
Worker process is ready to serve import requests
Shader 'Unlit/Outline': fallback shader 'Hidden/Shader Graph/FallbackError' not found
Shader 'Unlit/Outline': fallback shader 'Hidden/Shader Graph/FallbackError' not found
Launched and connected shader compiler UnityShaderCompiler.exe after 0.43 seconds
Refreshing native plugins compatible for Editor in 0.49 ms, found 2 plugins.
Preloading 0 native plugins for Editor in 0.00 ms.
Unloading 1419 Unused Serialized files (Serialized files now loaded: 0)
System memory in use before: 71.8 MB.
System memory in use after: 71.8 MB.

Unloading 19 unused Assets to reduce memory usage. Loaded Objects now: 1861.
Total: 181.081700 ms (FindLiveObjects: 0.168900 ms CreateObjectMapping: 0.137400 ms MarkObjects: 162.619500 ms  DeleteObjects: 18.152000 ms)

========================================================================
Received Import Request.
  path: Assets/Data/PlotOffiece1.asset
  artifactKey: Guid(ce4abccc211823244ba4c6f4f3c26ad2) Importer(815301076,1909f56bfc062723c751e8b465ee728b)
Start importing Assets/Data/PlotOffiece1.asset using Guid(ce4abccc211823244ba4c6f4f3c26ad2) Importer(815301076,1909f56bfc062723c751e8b465ee728b)  -> (artifact id: '4d11749f7f09116fb9e258bea9629ad4') in 0.501650 seconds
  Import took 0.524590 seconds .

========================================================================
Received Import Request.
  Time since last request: 0.000454 seconds.
  path: Assets/Data/PlotOffiece2.asset
  artifactKey: Guid(01df877d033d07840ac6fe8620b9644f) Importer(815301076,1909f56bfc062723c751e8b465ee728b)
Start importing Assets/Data/PlotOffiece2.asset using Guid(01df877d033d07840ac6fe8620b9644f) Importer(815301076,1909f56bfc062723c751e8b465ee728b)  -> (artifact id: 'e54b7ab6e21cb5be6a2a6e4955c55d53') in 0.080343 seconds
  Import took 0.083992 seconds .

========================================================================
Received Import Request.
  Time since last request: 0.000374 seconds.
  path: Assets/Data/PlotLobby2.asset
  artifactKey: Guid(4efd88a87d11d6d4fbc6906e88b39354) Importer(815301076,1909f56bfc062723c751e8b465ee728b)
Start importing Assets/Data/PlotLobby2.asset using Guid(4efd88a87d11d6d4fbc6906e88b39354) Importer(815301076,1909f56bfc062723c751e8b465ee728b)  -> (artifact id: '39a554272fb84ce64a3f96b094852c38') in 0.027381 seconds
  Import took 0.032525 seconds .

========================================================================
Received Import Request.
  Time since last request: 0.000325 seconds.
  path: Assets/Data/PlotOffiece3.asset
  artifactKey: Guid(d20188c52c9a9844b95845b877c98928) Importer(815301076,1909f56bfc062723c751e8b465ee728b)
Start importing Assets/Data/PlotOffiece3.asset using Guid(d20188c52c9a9844b95845b877c98928) Importer(815301076,1909f56bfc062723c751e8b465ee728b)  -> (artifact id: '986bcd4a40de5c8fefe0ab45bcec4f2d') in 0.007495 seconds
  Import took 0.012610 seconds .

========================================================================
Received Import Request.
  Time since last request: 0.000316 seconds.
  path: Assets/Data/PlotHomeEvening.asset
  artifactKey: Guid(95ba5ee4c3aed2149bbaeec98bb62b05) Importer(815301076,1909f56bfc062723c751e8b465ee728b)
Start importing Assets/Data/PlotHomeEvening.asset using Guid(95ba5ee4c3aed2149bbaeec98bb62b05) Importer(815301076,1909f56bfc062723c751e8b465ee728b)  -> (artifact id: 'a3fe506adcc1f28ab4315475796cbabd') in 0.033171 seconds
  Import took 0.036900 seconds .

========================================================================
Received Import Request.
  Time since last request: 0.000276 seconds.
  path: Assets/Data/PlotParty.asset
  artifactKey: Guid(82824d7a3a5d6d04b9c402d6a5dbd032) Importer(815301076,1909f56bfc062723c751e8b465ee728b)
Start importing Assets/Data/PlotParty.asset using Guid(82824d7a3a5d6d04b9c402d6a5dbd032) Importer(815301076,1909f56bfc062723c751e8b465ee728b)  -> (artifact id: '7fa4a37167dd484e12b55acbba527480') in 0.006598 seconds
  Import took 0.010969 seconds .

AssetImportWorkerClient::OnTransportError - code=2 error=End of file
